c:\users\fleia\desktop\sfml enviroment\sfml_visual\sfml_visual\debug\vc142.pdb
c:\users\fleia\desktop\sfml enviroment\sfml_visual\sfml_visual\debug\vc142.idb
c:\users\fleia\desktop\sfml enviroment\sfml_visual\sfml_visual\debug\main.obj
c:\users\fleia\desktop\sfml enviroment\sfml_visual\sfml_visual\debug\resolvertablero.obj
c:\users\fleia\desktop\sfml enviroment\sfml_visual\sfml_visual\debug\dibujarmatriz.obj
c:\users\fleia\documents\proyectosgrupos2\sfml enviroment\sfml_visual\sfml_visual\debug\vc142.pdb
c:\users\fleia\documents\proyectosgrupos2\sfml enviroment\sfml_visual\sfml_visual\debug\vc142.idb
c:\users\fleia\documents\proyectosgrupos2\sfml enviroment\sfml_visual\sfml_visual\debug\resolvertablero.obj
c:\users\fleia\documents\proyectosgrupos2\sfml enviroment\sfml_visual\sfml_visual\debug\main.obj
c:\users\fleia\documents\proyectosgrupos2\sfml enviroment\sfml_visual\sfml_visual\debug\larata.obj
c:\users\fleia\documents\proyectosgrupos2\sfml enviroment\sfml_visual\sfml_visual\debug\dibujarmatriz.obj
c:\users\fleia\desktop\sfml enviroment\sfml_visual\debug\sfml_visual.exe
c:\users\fleia\desktop\sfml enviroment\sfml_visual\debug\sfml_visual.ilk
c:\users\fleia\desktop\sfml enviroment\sfml_visual\debug\sfml_visual.pdb
c:\users\fleia\documents\proyectosgrupos2\sfml enviroment\sfml_visual\debug\sfml_visual.exe
c:\users\fleia\documents\proyectosgrupos2\sfml enviroment\sfml_visual\debug\sfml_visual.ilk
c:\users\fleia\documents\proyectosgrupos2\sfml enviroment\sfml_visual\debug\sfml_visual.pdb
c:\users\fleia\documents\proyectosgrupos2\sfml enviroment\sfml_visual\sfml_visual\debug\sfml_visual.tlog\cl.command.1.tlog
c:\users\fleia\documents\proyectosgrupos2\sfml enviroment\sfml_visual\sfml_visual\debug\sfml_visual.tlog\cl.read.1.tlog
c:\users\fleia\documents\proyectosgrupos2\sfml enviroment\sfml_visual\sfml_visual\debug\sfml_visual.tlog\cl.write.1.tlog
c:\users\fleia\documents\proyectosgrupos2\sfml enviroment\sfml_visual\sfml_visual\debug\sfml_visual.tlog\link.command.1.tlog
c:\users\fleia\documents\proyectosgrupos2\sfml enviroment\sfml_visual\sfml_visual\debug\sfml_visual.tlog\link.read.1.tlog
c:\users\fleia\documents\proyectosgrupos2\sfml enviroment\sfml_visual\sfml_visual\debug\sfml_visual.tlog\link.write.1.tlog
